

_______________________________ START __________________________ 
All Tokens Count : 1 
Waiting Tokens Count : 2 
Send Tokens Count : 2 
Send Units Count  For Project 165: 0 
_______________________________ END __________________________ 


_______________________________ START __________________________ 
All Tokens Count : 1 
Waiting Tokens Count : 2 
Send Tokens Count : 2 
Send Units Count  For Project 165: 0 
_______________________________ END __________________________ 


_______________________________ START __________________________ 
All Tokens Count : 1 
Waiting Tokens Count : 2 
Send Tokens Count : 2 
Send Units Count  For Project 165: 0 
_______________________________ END __________________________ 


_______________________________ START __________________________ 


_______________________________ START __________________________ 


_______________________________ START __________________________ 
All Tokens Count : 1 
Waiting Tokens Count : 2 
Send Tokens Count : 2 
Send Units Count  For Project 165: 0 
_______________________________ END __________________________ 


_______________________________ START __________________________ 
All Tokens Count : 1 
Waiting Tokens Count : 2 
Send Tokens Count : 2 
Send Units Count  For Project 165: 0 
_______________________________ END __________________________ 


_______________________________ START __________________________ 
All Tokens Count : 1 
Waiting Tokens Count : 2 
Send Tokens Count : 2 
Send Units Count  For Project 165: 0 
_______________________________ END __________________________ 


_______________________________ START __________________________ 
All Tokens Count : 1 
Waiting Tokens Count : 2 
Send Tokens Count : 2 
Send Units Count  For Project 165: 0 
_______________________________ END __________________________ 


_______________________________ START __________________________ 
All Tokens Count : 1 
Waiting Tokens Count : 2 
Send Tokens Count : 2 
Send Units Count  For Project 165: 0 
_______________________________ END __________________________ 


_______________________________ START __________________________ 
All Tokens Count : 1 
Waiting Tokens Count : 2 
Send Tokens Count : 2 
Send Units Count  For Project 165: 0 
_______________________________ END __________________________ 


_______________________________ START __________________________ 
All Tokens Count : 1 
Waiting Tokens Count : 2 
Send Tokens Count : 2 
Send Units Count  For Project 165: 0 
_______________________________ END __________________________ 


_______________________________ START __________________________ 
All Tokens Count : 1 
Waiting Tokens Count : 2 
Send Tokens Count : 2 
Send Units Count  For Project 165: 0 
_______________________________ END __________________________ 


_______________________________ START __________________________ 
All Tokens Count : 1 
Waiting Tokens Count : 2 
Send Tokens Count : 2 
Send Units Count  For Project 619: 104 
________ handle ________ 
________ checkUnitIsBooked (0)________ 
URL => [ GET ] => https://sakani.sa/mainIntermediaryApi/v3/units/807054 
DATA =>  {"data":[]} 
HEADERS =>  ["Content-Type: application\/json; charset=utf-8"] 
RESPONSE =>  {"data":{"id":"807054","type":"units","attributes":{"id":807054,"unit_code":"03-06-01-0081-0-106","developer_cr_number":null,"project_id":619,"project":{"__typename":"ProjectType","id":619,"developer_cr_number":"","project_type":"lands_moh_land","name":"\u0645\u062e\u0637\u0637 811 - \u0639\u0641\u064a\u0641","code":"03-06-01-0081","phase":"sales","title":null,"secondary_title":"","summary":null,"description":null,"status":"available","bookable":true,"start_date":null,"end_date":null,"city_id":3025,"region_id":1,"publish":true,"publishment":"published","all_units_count":401,"available_units_count":104,"under_construction_units_count":0,"last_published_version":"946007f3","published_versions":["b852e392","508d3033","f17e6cf4","996af445","797d8244","946007f3"],"user_id":1074,"developer":null,"deed_number":"","deed_date":"","project_readiness_date":null,"subdivision_request_number":null,"plan_number":"811","property_year_of_built":"","developer_warranty_period":"","consultant_design_office":"","consultant_design_office_license_number":"","consultant_construction_office":"","consultant_construction_office_license_number":"","crm_code":"","district":"","inquiry_expiry_period_in_days":0,"acceptance_expiry_period_in_days":0,"created_at":"2020-09-18 16:57:50 UTC","updated_at":"2023-05-31 04:19:02 UTC","latitude":0,"longitude":0,"sale_office_longitude":0,"sale_office_latitude":0,"publish_date":"2021-08-27","projects_amenities":[{"__typename":"ProjectsAmenityType"},{"__typename":"ProjectsAmenityType"},{"__typename":"ProjectsAmenityType"}],"consultant_name":"","moh_project_code":"G0112-275","is_financeable":false,"minimum_bankability_amount":null,"initial_booking_expiry_period_in_days":null,"building_permit_period_in_months":6,"construction_completion_period_in_month":36,"automatic_cancel_delay_in_days":null,"automatic_cancel_delay_in_days_value":5,"project_unit_types":[{"__typename":"ProjectUnitTypeType"},{"__typename":"ProjectUnitTypeType"},{"__typename":"ProjectUnitTypeType"},{"__typename":"ProjectUnitTypeType"}],"subsidize_level":"exclusive","communication_message":"","design_purchase_reminder_sms_in_hours":null,"use_booking_fee_flag":null,"use_booking_fee_flag_on_partner":null,"use_register_interest_flag":null,"booking_fee":null,"basic_price":null,"current_price":null,"subsidy_type":"fully_subsidized","max_subsidy_amount":null,"can_request_conveyance_on_project":false,"mullak_content_flag":null,"wafi_content_flag":false,"wl_is_active":false,"wl_fee_required":false,"wl_fee_value":null,"wl_confirmation_period":24,"wl_maximum_beneficiaries_per_project":null,"wl_channels_affected":null,"active_payment_by_cash":true,"active_payment_by_loan":true,"last_published_media":{"plan":{},"stamp":{},"video":{},"banner":{"id":"62406e1a593f7b71f625e299","type":"banner","attributes":{"url":"https:\/\/jed-s3.bluvalt.com\/sakani-prod-media-assets\/uploads\/published_medium\/file\/62406e1a593f7b71f625e299\/high__%D8%A7%D9%84%D9%85%D9%88%D9%82%D8%B9__%D8%B9%D9%81%D9%8A%D9%81_811_G0112-275.jpg","meta":{},"status":"published","order_number":0,"thumbnail_url":"https:\/\/jed-s3.bluvalt.com\/sakani-prod-media-assets\/uploads\/published_medium\/file\/62406e1a593f7b71f625e299\/thumb__%D8%A7%D9%84%D9%85%D9%88%D9%82%D8%B9__%D8%B9%D9%81%D9%8A%D9%81_811_G0112-275.jpg","small_size_url":"https:\/\/jed-s3.bluvalt.com\/sakani-prod-media-assets\/uploads\/published_medium\/file\/62406e1a593f7b71f625e299\/thumb__%D8%A7%D9%84%D9%85%D9%88%D9%82%D8%B9__%D8%B9%D9%81%D9%8A%D9%81_811_G0112-275.jpg","medium_size_url":"https:\/\/jed-s3.bluvalt.com\/sakani-prod-media-assets\/uploads\/published_medium\/file\/62406e1a593f7b71f625e299\/medium__%D8%A7%D9%84%D9%85%D9%88%D9%82%D8%B9__%D8%B9%D9%81%D9%8A%D9%81_811_G0112-275.jpg"},"version_id":"946007f3"},"gallery":[{"id":"62406e1b593f7b71f625e29a","type":"gallery","attributes":{"url":"https:\/\/jed-s3.bluvalt.com\/sakani-prod-media-assets\/uploads\/published_medium\/file\/62406e1b593f7b71f625e29a\/high_3.jpg","meta":{},"status":"published","order_number":0,"thumbnail_url":"https:\/\/jed-s3.bluvalt.com\/sakani-prod-media-assets\/uploads\/published_medium\/file\/62406e1b593f7b71f625e29a\/thumb_3.jpg","small_size_url":"https:\/\/jed-s3.bluvalt.com\/sakani-prod-media-assets\/uploads\/published_medium\/file\/62406e1b593f7b71f625e29a\/thumb_3.jpg","medium_size_url":"https:\/\/jed-s3.bluvalt.com\/sakani-prod-media-assets\/uploads\/published_medium\/file\/62406e1b593f7b71f625e29a\/medium_3.jpg"},"version_id":"946007f3"},{"id":"62406e1b593f7b71f625e29b","type":"gallery","attributes":{"url":"https:\/\/jed-s3.bluvalt.com\/sakani-prod-media-assets\/uploads\/published_medium\/file\/62406e1b593f7b71f625e29b\/high_14.jpg","meta":{},"status":"published","order_number":0,"thumbnail_url":"https:\/\/jed-s3.bluvalt.com\/sakani-prod-media-assets\/uploads\/published_medium\/file\/62406e1b593f7b71f625e29b\/thumb_14.jpg","small_size_url":"https:\/\/jed-s3.bluvalt.com\/sakani-prod-media-assets\/uploads\/published_medium\/file\/62406e1b593f7b71f625e29b\/thumb_14.jpg","medium_size_url":"https:\/\/jed-s3.bluvalt.com\/sakani-prod-media-assets\/uploads\/published_medium\/file\/62406e1b593f7b71f625e29b\/medium_14.jpg"},"version_id":"946007f3"},{"id":"62406e1b593f7b71f625e29c","type":"gallery","attributes":{"url":"https:\/\/jed-s3.bluvalt.com\/sakani-prod-media-assets\/uploads\/published_medium\/file\/62406e1b593f7b71f625e29c\/high_10.jpg","meta":{},"status":"published","order_number":0,"thumbnail_url":"https:\/\/jed-s3.bluvalt.com\/sakani-prod-media-assets\/uploads\/published_medium\/file\/62406e1b593f7b71f625e29c\/thumb_10.jpg","small_size_url":"https:\/\/jed-s3.bluvalt.com\/sakani-prod-media-assets\/uploads\/published_medium\/file\/62406e1b593f7b71f625e29c\/thumb_10.jpg","medium_size_url":"https:\/\/jed-s3.bluvalt.com\/sakani-prod-media-assets\/uploads\/published_medium\/file\/62406e1b593f7b71f625e29c\/medium_10.jpg"},"version_id":"946007f3"},{"id":"62406e1b593f7b71f625e29d","type":"gallery","attributes":{"url":"https:\/\/jed-s3.bluvalt.com\/sakani-prod-media-assets\/uploads\/published_medium\/file\/62406e1b593f7b71f625e29d\/high_19.jpg","meta":{},"status":"published","order_number":0,"thumbnail_url":"https:\/\/jed-s3.bluvalt.com\/sakani-prod-media-assets\/uploads\/published_medium\/file\/62406e1b593f7b71f625e29d\/thumb_19.jpg","small_size_url":"https:\/\/jed-s3.bluvalt.com\/sakani-prod-media-assets\/uploads\/published_medium\/file\/62406e1b593f7b71f625e29d\/thumb_19.jpg","medium_size_url":"https:\/\/jed-s3.bluvalt.com\/sakani-prod-media-assets\/uploads\/published_medium\/file\/62406e1b593f7b71f625e29d\/medium_19.jpg"},"version_id":"946007f3"},{"id":"62406e1b593f7b71f625e29e","type":"gallery","attributes":{"url":"https:\/\/jed-s3.bluvalt.com\/sakani-prod-media-assets\/uploads\/published_medium\/file\/62406e1b593f7b71f625e29e\/high_18.jpg","meta":{},"status":"published","order_number":0,"thumbnail_url":"https:\/\/jed-s3.bluvalt.com\/sakani-prod-media-assets\/uploads\/published_medium\/file\/62406e1b593f7b71f625e29e\/thumb_18.jpg","small_size_url":"https:\/\/jed-s3.bluvalt.com\/sakani-prod-media-assets\/uploads\/published_medium\/file\/62406e1b593f7b71f625e29e\/thumb_18.jpg","medium_size_url":"https:\/\/jed-s3.bluvalt.com\/sakani-prod-media-assets\/uploads\/published_medium\/file\/62406e1b593f7b71f625e29e\/medium_18.jpg"},"version_id":"946007f3"}],"geo_map":{"id":"62406e1c593f7b71f625e2a5","type":"geo_map","attributes":{"url":"https:\/\/jed-s3.bluvalt.com\/sakani-prod-media-assets\/uploads\/published_medium\/file\/62406e1c593f7b71f625e2a5\/%D9%85%D8%AE%D8%B7%D8%B7_811_-_%D8%B9%D9%81%D9%8A%D9%81.json","meta":{},"status":"published","order_number":0,"thumbnail_url":null,"small_size_url":null,"medium_size_url":null},"version_id":"946007f3"},"textual":{"id":"62406e1b593f7b71f625e2a0","type":"textual","attributes":{"url":null,"meta":{"name":"\u0645\u062e\u0637\u0637 811 - \u0639\u0641\u064a\u0641","summary":"","promoted":"false","coordinates":{"latitude":"23.83452746","longitude":"42.83324324"},"description":"\u064a\u0639\u062f \u0627\u0644\u0645\u0634\u0631\u0648\u0639 \u0623\u062d\u062f \u0645\u062e\u0637\u0637\u0627\u062a \u0648\u0632\u0627\u0631\u0629 \u0627\u0644\u0634\u0624\u0648\u0646 \u0627\u0644\u0628\u0644\u062f\u064a\u0629 \u0648\u0627\u0644\u0642\u0631\u0648\u064a\u0629 \u0648\u0627\u0644\u0625\u0633\u0643\u0627\u0646 \u0627\u0644\u0648\u0627\u0642\u0639\u0629 \u0641\u064a \u0634\u0645\u0627\u0644 \u0645\u0631\u0643\u0632 \u0623\u0645 \u0633\u0631\u062d\u0629. ","price_starting_at":null,"sales_information":{"name":"","email":"","phone_number":""},"title_of_detail_page":"\u0645\u062e\u0637\u0637 811 - \u0639\u0641\u064a\u0641"},"status":"published","order_number":0,"thumbnail_url":null,"small_size_url":null,"medium_size_url":null},"version_id":"946007f3"},"brochure":{},"deed_copy":{},"floor_plan":[],"version_id":"946007f3","floor_image":[],"master_plan":{"id":"62406e1b593f7b71f625e29f","type":"master_plan","attributes":{"url":"https:\/\/jed-s3.bluvalt.com\/sakani-prod-media-assets\/uploads\/published_medium\/file\/62406e1b593f7b71f625e29f\/_%D8%A7%D9%84%D9%85%D8%AE%D8%B7%D8%B7__%D8%B9%D9%81%D9%8A%D9%81_811_G0112-275.jpg","meta":{},"status":"published","order_number":0,"thumbnail_url":"https:\/\/media.sakani.housing.sa\/thumbnail\/uploads\/published_medium\/file\/62406e1b593f7b71f625e29f\/_%D8%A7%D9%84%D9%85%D8%AE%D8%B7%D8%B7__%D8%B9%D9%81%D9%8A%D9%81_811_G0112-275.jpg","small_size_url":"https:\/\/media.sakani.housing.sa\/resize_preset_640\/uploads\/published_medium\/file\/62406e1b593f7b71f625e29f\/_%D8%A7%D9%84%D9%85%D8%AE%D8%B7%D8%B7__%D8%B9%D9%81%D9%8A%D9%81_811_G0112-275.jpg","medium_size_url":"https:\/\/media.sakani.housing.sa\/resize_preset_1248\/uploads\/published_medium\/file\/62406e1b593f7b71f625e29f\/_%D8%A7%D9%84%D9%85%D8%AE%D8%B7%D8%B7__%D8%B9%D9%81%D9%8A%D9%81_811_G0112-275.jpg"},"version_id":"946007f3"},"subcategory":{},"geo_map_polygons":{"id":"62406e1b593f7b71f625e2a1","type":"geo_map_polygons","attributes":{"url":"https:\/\/jed-s3.bluvalt.com\/sakani-prod-media-assets\/uploads\/published_medium\/file\/62406e1b593f7b71f625e2a1\/polygons_1621498827.json","meta":{},"status":"published","order_number":0,"thumbnail_url":null,"small_size_url":null,"medium_size_url":null},"version_id":"946007f3"},"document_template":[],"geo_map_infrastructures":{"id":"62406e1c593f7b71f625e2a2","type":"geo_map_infrastructures","attributes":{"url":"https:\/\/jed-s3.bluvalt.com\/sakani-prod-media-assets\/uploads\/published_medium\/file\/62406e1c593f7b71f625e2a2\/infrastructures_1621498827.json","meta":{},"status":"published","order_number":0,"thumbnail_url":null,"small_size_url":null,"medium_size_url":null},"version_id":"946007f3"}}},"developer":null,"moh_price":0,"price":null,"market_building_price":null,"market_land_price":null,"base_building_price":null,"base_land_price":null,"block_number":"0","land_number":"106","land_type":"free_standard","block_no_farz":null,"land_no_farz":null,"apartment_type":null,"building_number":null,"apartment_number":null,"unit_size":600,"living_area":0,"floor":1,"unit_type":"land","floor_count":1,"bedroom_count":null,"bathroom_count":null,"selections_count":0,"bookings_count":0,"booking_status":"available","bank_reference_code":null,"real_estate_developer_code":null,"construction_status":null,"model":"model_1","comment":null,"visibility":null,"status":"active","availability":1,"limit_northward":"\u0634\u0627\u0631\u0639 \u0639\u0631\u0636 20 \u0645\u062a\u0631","limit_eastward":"\u0634\u0627\u0631\u0639 \u0639\u0631\u0636 20 \u0645\u062a\u0631","limit_southward":"\u0642\u0637\u0639\u0629 \u0631\u0642\u0645  107","limit_westward":"\u0642\u0637\u0639\u0629 \u0631\u0642\u0645  108","length_northward":"20","length_eastward":"30","length_southward":"20","length_westward":"30","easting_1":"279485.039","easting_2":"279466.718","easting_3":"279454.686","easting_4":"279473.006","easting_5":"0","easting_6":"0","easting_7":"0","easting_8":"0","easting_9":"0","easting_10":"0","northing_1":"2637783.504","northing_2":"2637791.526","northing_3":"2637764.047","northing_4":"2637756.025","northing_5":"0","northing_6":"0","northing_7":"0","northing_8":"0","northing_9":"0","northing_10":"0","cadastral_image":"","cadastral_timestamp_image":"","user_id":null,"deed_number":null,"deed_date":null,"plan_number":"811","product_id":"03","unit_construction_start_date":null,"unit_construction_end_date":null,"extended_end_date_of_unit":null,"stage":null,"zone_number":null,"financeable":false,"number_of_rooms":null,"master_bedroom_size":null,"living_room_size":null,"kitchen_size":null,"guestroom_size":null,"front_compass":null,"electricity_availability":null,"water_availability":null,"infrastructure_availability":null,"plumbing_availability":null,"random_release_at":null,"cadastral_form_file":"https:\/\/jed-s3.bluvalt.com\/prod-sakani-uploaded-files-private\/sakani-projects-graphql\/unit\/cadastral_form\/807054\/casdastral_form_807054_2023021344.pdf?X-Amz-Expires=600&X-Amz-Date=20240202T193332Z&X-Amz-Algorithm=AWS4-HMAC-SHA256&X-Amz-Credential=ZWEJ5XC7NPRQAO8FXE76%2F20240202%2Fus-east-1%2Fs3%2Faws4_request&X-Amz-SignedHeaders=host&X-Amz-Signature=beeb1ccc1b3c8cdc238e27585c75aca2110a1a7197466fec66aae3a4d32ac04a","land_category":"housing","auction_status":"not_to_bid","completion_percentage":0,"completion_percentage_visible":true,"sales_channels":null,"target_segments":["beneficiary"],"developer_name":null,"developer_realname":null,"updated_at":null,"created_at":null,"unit_channel_key":null},"relationships":{"beneficiary":{"meta":{"included":false}}}},"jsonapi":{"version":"3.0"}} 
national_id_number : A85A2EC2B3E8118FEAF3EC2DB41637FB 
national_id_numbers : {"eyJ0eXAiOiJKV1QiLCJhbGciOiJSUzI1NiJ9.eyJkYXRhIjp7InVzZXJfaWQiOjE1NTc2MTcsInJvbGUiOiJiZW5lZmljaWFyeSIsIm5hdGlvbmFsX2lkX251bWJlciI6IkE4NUEyRUMyQjNFODExOEZFQUYzRUMyREI0MTYzN0ZCIn0sImV4cCI6MTcwNjkwNzA3MCwibG9naW5faGFzaCI6IjdiNGUwZTMxZjc3NzQyOTFhN2JjNTZhZWQyNDNkNTc3In0.bKdEIDs77RpGnWWXuYCGjAw91Kkol0DC-gaam8bjiPGdH9bRgvfsqIohef_6zSLfM2aYnjiv3ErdPVk6bVPVankyan9X9xNS-rMB-wWahug6QeM3yp2TMx7ewro9MTrP2qZ2hHqVNZZ9I857KVTx3GzRO8X-mACevCU72c6iPSO8oA-8hZCRRcHZ2jHIGbQGAzc6t0Jrt8gvqv3cyblVPpVu3Ii7N0BvdgW6eVqWIzyAfkPCWQImo8W_Ix7KGHpxLiffh044ELxQk1fTV65udGbeybDQFWOR66heBFgUW5zaePXPufFE9ER5QCfe3dO89adb6O4K4MQVSuowbiPdgw":"A85A2EC2B3E8118FEAF3EC2DB41637FB","eyJ0eXAiOiJKV1QiLCJhbGciOiJSUzI1NiJ9.eyJkYXRhIjp7InVzZXJfaWQiOjE1NTc2MTcsInJvbGUiOiJiZW5lZmljaWFyeSIsIm5hdGlvbmFsX2lkX251bWJlciI6IkE4NUEyRUMyQjNFODExOEZFQUYzRUMyREI0MTYzN0ZCIn0sImV4cCI6MTcwNjkwMzg0OCwibG9naW5faGFzaCI6IjZhMmZiMTExMDk4OWFlYzE4Nzc1NmFhYzNjY2Y5MmZhIn0.lBdhe0SUOQIVAIaPPEFdc3TyDbuTYWZ1h4MKJYp6S7ke6jZa-BCn-E-hH8lRxdWJrzsQ3GlwjD5T99HUotnh2Ejirp2yMEVB9MI2QVUKi5vP_BqtAGe05R4PvaFjx6iN809qtKJnWdD4P-q9TsnYeKeqAyQD-92u9io0PPVHh6WiJPVupnheyvEfyBwFF1rNkdYbFu21g7l1wETTK4LIYNgfGu2WDymS51PoSs52NGOT_75I-aQmU12TBiSOGSHAQT0kUSYRFFr3Q6zVQbbMwKlBNoe22d-Z2sG0syPjfVKtZWYysI-RBNFs-41bSCQx9alVNPI47cFNfYt_QVRdYA":"A85A2EC2B3E8118FEAF3EC2DB41637FB"} 
________ precondition_check (2) ________ 
